<?xml version="1.0" encoding="UTF-8"?>
<!-- Generated by org.testng.reporters.JUnitReportReporter -->
<testsuite hostname="Escobar-PC" failures="0" tests="4" name="APIAssign" time="5.726" errors="0" timestamp="2021-05-18T23:01:47 PST" skipped="0">
  <testcase classname="APIAssign" name="patch" time="0.948"/>
  <system-out/>
  <testcase classname="APIAssign" name="get" time="0.460"/>
  <system-out/>
  <testcase classname="APIAssign" name="delete" time="3.424"/>
  <system-out/>
  <testcase classname="APIAssign" name="post" time="0.894"/>
  <system-out/>
</testsuite> <!-- APIAssign -->
